<?xml version="1.0" encoding="UTF-8" ?>
<testsuite failures="0" time="6.773" errors="0" skipped="1" tests="20" name="org.openoces.opensign.pdf.validator.ValidatorTestCase">
  <properties>
    <property name="java.runtime.name" value="Java(TM) SE Runtime Environment"/>
    <property name="sun.boot.library.path" value="/usr/lib/jvm/java-6-jdk/jre/lib/amd64"/>
    <property name="java.vm.version" value="20.45-b01"/>
    <property name="java.vm.vendor" value="Sun Microsystems Inc."/>
    <property name="java.vendor.url" value="http://java.sun.com/"/>
    <property name="path.separator" value=":"/>
    <property name="java.vm.name" value="Java HotSpot(TM) 64-Bit Server VM"/>
    <property name="file.encoding.pkg" value="sun.io"/>
    <property name="user.country" value="CZ"/>
    <property name="sun.java.launcher" value="SUN_STANDARD"/>
    <property name="sun.os.patch.level" value="unknown"/>
    <property name="java.vm.specification.name" value="Java Virtual Machine Specification"/>
    <property name="user.dir" value="/home/kozak/Dokumenty/opensign/pdf-validator/engine"/>
    <property name="java.runtime.version" value="1.6.0_45-b06"/>
    <property name="java.awt.graphicsenv" value="sun.awt.X11GraphicsEnvironment"/>
    <property name="basedir" value="/home/kozak/Dokumenty/opensign/pdf-validator/engine"/>
    <property name="java.endorsed.dirs" value="/usr/lib/jvm/java-6-jdk/jre/lib/endorsed"/>
    <property name="os.arch" value="amd64"/>
    <property name="surefire.real.class.path" value="/tmp/surefirebooter7599099859333067943.jar"/>
    <property name="java.io.tmpdir" value="/tmp"/>
    <property name="line.separator" value="
"/>
    <property name="java.vm.specification.vendor" value="Sun Microsystems Inc."/>
    <property name="os.name" value="Linux"/>
    <property name="sun.jnu.encoding" value="UTF-8"/>
    <property name="java.library.path" value="/usr/lib/jvm/java-6-jdk/jre/lib/amd64/server:/usr/lib/jvm/java-6-jdk/jre/lib/amd64:/usr/lib/jvm/java-6-jdk/jre/../lib/amd64:/usr/java/packages/lib/amd64:/usr/lib64:/lib64:/lib:/usr/lib"/>
    <property name="surefire.test.class.path" value="/home/kozak/Dokumenty/opensign/pdf-validator/engine/target/test-classes:/home/kozak/Dokumenty/opensign/pdf-validator/engine/target/classes:/home/kozak/.m2/repository/log4j/log4j/1.2.16/log4j-1.2.16.jar:/home/kozak/.m2/repository/junit/junit/4.10/junit-4.10.jar:/home/kozak/.m2/repository/org/hamcrest/hamcrest-core/1.1/hamcrest-core-1.1.jar:/home/kozak/.m2/repository/org/mockito/mockito-all/1.9.0/mockito-all-1.9.0.jar:"/>
    <property name="java.specification.name" value="Java Platform API Specification"/>
    <property name="java.class.version" value="50.0"/>
    <property name="sun.management.compiler" value="HotSpot 64-Bit Tiered Compilers"/>
    <property name="os.version" value="4.1.6-1-ARCH"/>
    <property name="user.home" value="/home/kozak"/>
    <property name="user.timezone" value=""/>
    <property name="java.awt.printerjob" value="sun.print.PSPrinterJob"/>
    <property name="file.encoding" value="UTF-8"/>
    <property name="java.specification.version" value="1.6"/>
    <property name="user.name" value="kozak"/>
    <property name="java.class.path" value="/home/kozak/Dokumenty/opensign/pdf-validator/engine/target/test-classes:/home/kozak/Dokumenty/opensign/pdf-validator/engine/target/classes:/home/kozak/.m2/repository/log4j/log4j/1.2.16/log4j-1.2.16.jar:/home/kozak/.m2/repository/junit/junit/4.10/junit-4.10.jar:/home/kozak/.m2/repository/org/hamcrest/hamcrest-core/1.1/hamcrest-core-1.1.jar:/home/kozak/.m2/repository/org/mockito/mockito-all/1.9.0/mockito-all-1.9.0.jar:"/>
    <property name="java.vm.specification.version" value="1.0"/>
    <property name="sun.arch.data.model" value="64"/>
    <property name="java.home" value="/usr/lib/jvm/java-6-jdk/jre"/>
    <property name="sun.java.command" value="/tmp/surefirebooter7599099859333067943.jar /tmp/surefire6157335495814536478tmp /tmp/surefire7498246923453068657tmp"/>
    <property name="java.specification.vendor" value="Sun Microsystems Inc."/>
    <property name="user.language" value="cs"/>
    <property name="java.vm.info" value="mixed mode"/>
    <property name="java.version" value="1.6.0_45"/>
    <property name="java.ext.dirs" value="/usr/lib/jvm/java-6-jdk/jre/lib/ext:/usr/java/packages/lib/ext"/>
    <property name="sun.boot.class.path" value="/usr/lib/jvm/java-6-jdk/jre/lib/resources.jar:/usr/lib/jvm/java-6-jdk/jre/lib/rt.jar:/usr/lib/jvm/java-6-jdk/jre/lib/sunrsasign.jar:/usr/lib/jvm/java-6-jdk/jre/lib/jsse.jar:/usr/lib/jvm/java-6-jdk/jre/lib/jce.jar:/usr/lib/jvm/java-6-jdk/jre/lib/charsets.jar:/usr/lib/jvm/java-6-jdk/jre/lib/modules/jdk.boot.jar:/usr/lib/jvm/java-6-jdk/jre/classes"/>
    <property name="java.vendor" value="Sun Microsystems Inc."/>
    <property name="localRepository" value="/home/kozak/.m2/repository"/>
    <property name="file.separator" value="/"/>
    <property name="java.vendor.url.bug" value="http://java.sun.com/cgi-bin/bugreport.cgi"/>
    <property name="sun.cpu.endian" value="little"/>
    <property name="sun.io.unicode.encoding" value="UnicodeLittle"/>
    <property name="sun.desktop" value="gnome"/>
    <property name="sun.cpu.isalist" value=""/>
  </properties>
  <testcase time="0.025" classname="org.openoces.opensign.pdf.validator.ValidatorTestCase" name="testMissingFile"/>
  <testcase time="0.028" classname="org.openoces.opensign.pdf.validator.ValidatorTestCase" name="testInvalidFile_0">
    <skipped/>
  </testcase>
  <testcase time="2.362" classname="org.openoces.opensign.pdf.validator.ValidatorTestCase" name="testInvalidFileWithFastFail_2"/>
  <testcase time="1.497" classname="org.openoces.opensign.pdf.validator.ValidatorTestCase" name="testInvalidFileWithoutFastFail_2"/>
  <testcase time="0.011" classname="org.openoces.opensign.pdf.validator.ValidatorTestCase" name="testInvalidFile_4"/>
  <testcase time="0.098" classname="org.openoces.opensign.pdf.validator.ValidatorTestCase" name="testInvalidFileWithoutFastFail_5"/>
  <testcase time="0.372" classname="org.openoces.opensign.pdf.validator.ValidatorTestCase" name="testDataOutsideObject"/>
  <testcase time="0" classname="org.openoces.opensign.pdf.validator.ValidatorTestCase" name="testNot_a_PDF_File"/>
  <testcase time="0" classname="org.openoces.opensign.pdf.validator.ValidatorTestCase" name="testLarge_file_when_uncompressed"/>
  <testcase time="0.018" classname="org.openoces.opensign.pdf.validator.ValidatorTestCase" name="testEncryptedFile"/>
  <testcase time="0.045" classname="org.openoces.opensign.pdf.validator.ValidatorTestCase" name="testEncryptedFile_open_edit"/>
  <testcase time="0" classname="org.openoces.opensign.pdf.validator.ValidatorTestCase" name="testnonEmbedded_nonstandad_font"/>
  <testcase time="0.006" classname="org.openoces.opensign.pdf.validator.ValidatorTestCase" name="testValidFile1"/>
  <testcase time="0.317" classname="org.openoces.opensign.pdf.validator.ValidatorTestCase" name="testValidFile_output_from_powerpoint"/>
  <testcase time="0.539" classname="org.openoces.opensign.pdf.validator.ValidatorTestCase" name="testValidFile_output_from_OO_Impress"/>
  <testcase time="0.395" classname="org.openoces.opensign.pdf.validator.ValidatorTestCase" name="testValidFile_output_from_OO_writer"/>
  <testcase time="0.68" classname="org.openoces.opensign.pdf.validator.ValidatorTestCase" name="testValidFile_output_from_Word"/>
  <testcase time="0.031" classname="org.openoces.opensign.pdf.validator.ValidatorTestCase" name="testValidFile_6"/>
  <testcase time="0.093" classname="org.openoces.opensign.pdf.validator.ValidatorTestCase" name="testValidFile_7"/>
  <testcase time="0.247" classname="org.openoces.opensign.pdf.validator.ValidatorTestCase" name="testValidFile_8"/>
</testsuite>