<?xml version="1.0" encoding="UTF-8" ?>
<testsuite failures="0" time="7.402" errors="0" skipped="1" tests="20" name="org.openoces.opensign.pdf.validator.ValidatorTestCase">
  <properties>
    <property name="java.runtime.name" value="Java(TM) SE Runtime Environment"/>
    <property name="sun.boot.library.path" value="/usr/lib/jvm/java-6-jdk/jre/lib/amd64"/>
    <property name="java.vm.version" value="20.45-b01"/>
    <property name="java.vm.vendor" value="Sun Microsystems Inc."/>
    <property name="java.vendor.url" value="http://java.sun.com/"/>
    <property name="path.separator" value=":"/>
    <property name="guice.disable.misplaced.annotation.check" value="true"/>
    <property name="java.vm.name" value="Java HotSpot(TM) 64-Bit Server VM"/>
    <property name="file.encoding.pkg" value="sun.io"/>
    <property name="user.country" value="CZ"/>
    <property name="sun.java.launcher" value="SUN_STANDARD"/>
    <property name="sun.os.patch.level" value="unknown"/>
    <property name="java.vm.specification.name" value="Java Virtual Machine Specification"/>
    <property name="user.dir" value="/home/kozzi/Vyvoj/opensign"/>
    <property name="java.runtime.version" value="1.6.0_45-b06"/>
    <property name="java.awt.graphicsenv" value="sun.awt.X11GraphicsEnvironment"/>
    <property name="java.endorsed.dirs" value="/usr/lib/jvm/java-6-jdk/jre/lib/endorsed"/>
    <property name="os.arch" value="amd64"/>
    <property name="java.io.tmpdir" value="/tmp"/>
    <property name="line.separator" value="
"/>
    <property name="java.vm.specification.vendor" value="Sun Microsystems Inc."/>
    <property name="os.name" value="Linux"/>
    <property name="classworlds.conf" value="/opt/maven/bin/m2.conf"/>
    <property name="sun.jnu.encoding" value="UTF-8"/>
    <property name="java.library.path" value="/usr/lib/jvm/java-6-jdk/jre/lib/amd64/server:/usr/lib/jvm/java-6-jdk/jre/lib/amd64:/usr/lib/jvm/java-6-jdk/jre/../lib/amd64:/usr/java/packages/lib/amd64:/usr/lib64:/lib64:/lib:/usr/lib"/>
    <property name="java.specification.name" value="Java Platform API Specification"/>
    <property name="java.class.version" value="50.0"/>
    <property name="sun.management.compiler" value="HotSpot 64-Bit Tiered Compilers"/>
    <property name="os.version" value="3.17.2-1-ARCH"/>
    <property name="user.home" value="/home/kozzi"/>
    <property name="user.timezone" value="Europe/Prague"/>
    <property name="java.awt.printerjob" value="sun.print.PSPrinterJob"/>
    <property name="file.encoding" value="UTF-8"/>
    <property name="java.specification.version" value="1.6"/>
    <property name="user.name" value="kozzi"/>
    <property name="java.class.path" value="/opt/maven/boot/plexus-classworlds-2.5.1.jar"/>
    <property name="java.vm.specification.version" value="1.0"/>
    <property name="sun.arch.data.model" value="64"/>
    <property name="java.home" value="/usr/lib/jvm/java-6-jdk/jre"/>
    <property name="sun.java.command" value="org.codehaus.plexus.classworlds.launcher.Launcher clean install"/>
    <property name="java.specification.vendor" value="Sun Microsystems Inc."/>
    <property name="user.language" value="cs"/>
    <property name="java.vm.info" value="mixed mode"/>
    <property name="java.version" value="1.6.0_45"/>
    <property name="java.ext.dirs" value="/usr/lib/jvm/java-6-jdk/jre/lib/ext:/usr/java/packages/lib/ext"/>
    <property name="securerandom.source" value="file:/dev/./urandom"/>
    <property name="sun.boot.class.path" value="/usr/lib/jvm/java-6-jdk/jre/lib/resources.jar:/usr/lib/jvm/java-6-jdk/jre/lib/rt.jar:/usr/lib/jvm/java-6-jdk/jre/lib/sunrsasign.jar:/usr/lib/jvm/java-6-jdk/jre/lib/jsse.jar:/usr/lib/jvm/java-6-jdk/jre/lib/jce.jar:/usr/lib/jvm/java-6-jdk/jre/lib/charsets.jar:/usr/lib/jvm/java-6-jdk/jre/lib/modules/jdk.boot.jar:/usr/lib/jvm/java-6-jdk/jre/classes"/>
    <property name="java.vendor" value="Sun Microsystems Inc."/>
    <property name="maven.home" value="/opt/maven"/>
    <property name="file.separator" value="/"/>
    <property name="java.vendor.url.bug" value="http://java.sun.com/cgi-bin/bugreport.cgi"/>
    <property name="sun.cpu.endian" value="little"/>
    <property name="sun.io.unicode.encoding" value="UnicodeLittle"/>
    <property name="sun.desktop" value="gnome"/>
    <property name="sun.cpu.isalist" value=""/>
  </properties>
  <testcase time="0.017" classname="org.openoces.opensign.pdf.validator.ValidatorTestCase" name="testMissingFile"/>
  <testcase time="0.018" classname="org.openoces.opensign.pdf.validator.ValidatorTestCase" name="testInvalidFile_0">
    <skipped/>
  </testcase>
  <testcase time="2.657" classname="org.openoces.opensign.pdf.validator.ValidatorTestCase" name="testInvalidFileWithFastFail_2"/>
  <testcase time="1.767" classname="org.openoces.opensign.pdf.validator.ValidatorTestCase" name="testInvalidFileWithoutFastFail_2"/>
  <testcase time="0.012" classname="org.openoces.opensign.pdf.validator.ValidatorTestCase" name="testInvalidFile_4"/>
  <testcase time="0.154" classname="org.openoces.opensign.pdf.validator.ValidatorTestCase" name="testInvalidFileWithoutFastFail_5"/>
  <testcase time="0.467" classname="org.openoces.opensign.pdf.validator.ValidatorTestCase" name="testDataOutsideObject"/>
  <testcase time="0.001" classname="org.openoces.opensign.pdf.validator.ValidatorTestCase" name="testNot_a_PDF_File"/>
  <testcase time="0.001" classname="org.openoces.opensign.pdf.validator.ValidatorTestCase" name="testLarge_file_when_uncompressed"/>
  <testcase time="0.022" classname="org.openoces.opensign.pdf.validator.ValidatorTestCase" name="testEncryptedFile"/>
  <testcase time="0.022" classname="org.openoces.opensign.pdf.validator.ValidatorTestCase" name="testEncryptedFile_open_edit"/>
  <testcase time="0.001" classname="org.openoces.opensign.pdf.validator.ValidatorTestCase" name="testnonEmbedded_nonstandad_font"/>
  <testcase time="0.009" classname="org.openoces.opensign.pdf.validator.ValidatorTestCase" name="testValidFile1"/>
  <testcase time="0.386" classname="org.openoces.opensign.pdf.validator.ValidatorTestCase" name="testValidFile_output_from_powerpoint"/>
  <testcase time="0.475" classname="org.openoces.opensign.pdf.validator.ValidatorTestCase" name="testValidFile_output_from_OO_Impress"/>
  <testcase time="0.481" classname="org.openoces.opensign.pdf.validator.ValidatorTestCase" name="testValidFile_output_from_OO_writer"/>
  <testcase time="0.532" classname="org.openoces.opensign.pdf.validator.ValidatorTestCase" name="testValidFile_output_from_Word"/>
  <testcase time="0.032" classname="org.openoces.opensign.pdf.validator.ValidatorTestCase" name="testValidFile_6"/>
  <testcase time="0.097" classname="org.openoces.opensign.pdf.validator.ValidatorTestCase" name="testValidFile_7"/>
  <testcase time="0.251" classname="org.openoces.opensign.pdf.validator.ValidatorTestCase" name="testValidFile_8"/>
</testsuite>