<?xml version="1.0" encoding="UTF-8" ?>
<testsuite failures="0" time="0.716" errors="0" skipped="1" tests="11" name="org.openoces.opensign.certificate.support.suncrypto.SunCryptoSupportTest">
  <properties>
    <property name="java.runtime.name" value="Java(TM) SE Runtime Environment"/>
    <property name="sun.boot.library.path" value="/usr/lib/jvm/java-6-jdk/jre/lib/amd64"/>
    <property name="java.vm.version" value="20.45-b01"/>
    <property name="java.vm.vendor" value="Sun Microsystems Inc."/>
    <property name="java.vendor.url" value="http://java.sun.com/"/>
    <property name="path.separator" value=":"/>
    <property name="java.vm.name" value="Java HotSpot(TM) 64-Bit Server VM"/>
    <property name="file.encoding.pkg" value="sun.io"/>
    <property name="user.country" value="CZ"/>
    <property name="sun.java.launcher" value="SUN_STANDARD"/>
    <property name="sun.os.patch.level" value="unknown"/>
    <property name="java.vm.specification.name" value="Java Virtual Machine Specification"/>
    <property name="user.dir" value="/home/kozak/Dokumenty/opensign/applet/plugins/jsse"/>
    <property name="java.runtime.version" value="1.6.0_45-b06"/>
    <property name="java.awt.graphicsenv" value="sun.awt.X11GraphicsEnvironment"/>
    <property name="basedir" value="/home/kozak/Dokumenty/opensign/applet/plugins/jsse"/>
    <property name="java.endorsed.dirs" value="/usr/lib/jvm/java-6-jdk/jre/lib/endorsed"/>
    <property name="os.arch" value="amd64"/>
    <property name="surefire.real.class.path" value="/tmp/surefirebooter266062536313989884.jar"/>
    <property name="java.io.tmpdir" value="/tmp"/>
    <property name="line.separator" value="
"/>
    <property name="java.vm.specification.vendor" value="Sun Microsystems Inc."/>
    <property name="os.name" value="Linux"/>
    <property name="sun.jnu.encoding" value="UTF-8"/>
    <property name="java.library.path" value="/usr/lib/jvm/java-6-jdk/jre/lib/amd64/server:/usr/lib/jvm/java-6-jdk/jre/lib/amd64:/usr/lib/jvm/java-6-jdk/jre/../lib/amd64:/usr/java/packages/lib/amd64:/usr/lib64:/lib64:/lib:/usr/lib"/>
    <property name="surefire.test.class.path" value="/home/kozak/Dokumenty/opensign/applet/plugins/jsse/target/test-classes:/home/kozak/Dokumenty/opensign/applet/plugins/jsse/target/classes:/home/kozak/Dokumenty/opensign/applet/plugins/opensign/target/opensign.jar:/usr/lib/jvm/java-6-jdk/jre/lib/plugin.jar:/home/kozak/Dokumenty/opensign/test-utils/target/test-utils-2.1.14-SNAPSHOT.jar:/home/kozak/.m2/repository/junit/junit/4.8.1/junit-4.8.1.jar:"/>
    <property name="java.specification.name" value="Java Platform API Specification"/>
    <property name="java.class.version" value="50.0"/>
    <property name="sun.management.compiler" value="HotSpot 64-Bit Tiered Compilers"/>
    <property name="os.version" value="4.1.6-1-ARCH"/>
    <property name="user.home" value="/home/kozak"/>
    <property name="user.timezone" value=""/>
    <property name="java.awt.printerjob" value="sun.print.PSPrinterJob"/>
    <property name="file.encoding" value="UTF-8"/>
    <property name="java.specification.version" value="1.6"/>
    <property name="user.name" value="kozak"/>
    <property name="java.class.path" value="/home/kozak/Dokumenty/opensign/applet/plugins/jsse/target/test-classes:/home/kozak/Dokumenty/opensign/applet/plugins/jsse/target/classes:/home/kozak/Dokumenty/opensign/applet/plugins/opensign/target/opensign.jar:/usr/lib/jvm/java-6-jdk/jre/lib/plugin.jar:/home/kozak/Dokumenty/opensign/test-utils/target/test-utils-2.1.14-SNAPSHOT.jar:/home/kozak/.m2/repository/junit/junit/4.8.1/junit-4.8.1.jar:"/>
    <property name="java.vm.specification.version" value="1.0"/>
    <property name="sun.arch.data.model" value="64"/>
    <property name="java.home" value="/usr/lib/jvm/java-6-jdk/jre"/>
    <property name="sun.java.command" value="/tmp/surefirebooter266062536313989884.jar /tmp/surefire2747006550062365988tmp /tmp/surefire393912506845333225tmp"/>
    <property name="java.specification.vendor" value="Sun Microsystems Inc."/>
    <property name="user.language" value="cs"/>
    <property name="java.vm.info" value="mixed mode"/>
    <property name="java.version" value="1.6.0_45"/>
    <property name="java.ext.dirs" value="/usr/lib/jvm/java-6-jdk/jre/lib/ext:/usr/java/packages/lib/ext"/>
    <property name="sun.boot.class.path" value="/usr/lib/jvm/java-6-jdk/jre/lib/resources.jar:/usr/lib/jvm/java-6-jdk/jre/lib/rt.jar:/usr/lib/jvm/java-6-jdk/jre/lib/sunrsasign.jar:/usr/lib/jvm/java-6-jdk/jre/lib/jsse.jar:/usr/lib/jvm/java-6-jdk/jre/lib/jce.jar:/usr/lib/jvm/java-6-jdk/jre/lib/charsets.jar:/usr/lib/jvm/java-6-jdk/jre/lib/modules/jdk.boot.jar:/usr/lib/jvm/java-6-jdk/jre/classes"/>
    <property name="java.vendor" value="Sun Microsystems Inc."/>
    <property name="localRepository" value="/home/kozak/.m2/repository"/>
    <property name="file.separator" value="/"/>
    <property name="java.vendor.url.bug" value="http://java.sun.com/cgi-bin/bugreport.cgi"/>
    <property name="sun.cpu.endian" value="little"/>
    <property name="sun.io.unicode.encoding" value="UnicodeLittle"/>
    <property name="sun.desktop" value="gnome"/>
    <property name="sun.cpu.isalist" value=""/>
  </properties>
  <testcase time="0" classname="org.openoces.opensign.certificate.support.suncrypto.SunCryptoSupportTest" name="verify">
    <skipped/>
  </testcase>
  <testcase time="0.392" classname="org.openoces.opensign.certificate.support.suncrypto.SunCryptoSupportTest" name="getCertificateChain"/>
  <testcase time="0.017" classname="org.openoces.opensign.certificate.support.suncrypto.SunCryptoSupportTest" name="signSHA256withRSA"/>
  <testcase time="0.005" classname="org.openoces.opensign.certificate.support.suncrypto.SunCryptoSupportTest" name="signSHA1withRSA"/>
  <testcase time="0.001" classname="org.openoces.opensign.certificate.support.suncrypto.SunCryptoSupportTest" name="sha1"/>
  <testcase time="0.001" classname="org.openoces.opensign.certificate.support.suncrypto.SunCryptoSupportTest" name="sha256"/>
  <testcase time="0.002" classname="org.openoces.opensign.certificate.support.suncrypto.SunCryptoSupportTest" name="getPrivateKey"/>
  <testcase time="0.003" classname="org.openoces.opensign.certificate.support.suncrypto.SunCryptoSupportTest" name="getCertInfoFromKeyStore"/>
  <testcase time="0.009" classname="org.openoces.opensign.certificate.support.suncrypto.SunCryptoSupportTest" name="getCertInfoFromFile"/>
  <testcase time="0.03" classname="org.openoces.opensign.certificate.support.suncrypto.SunCryptoSupportTest" name="getKeyStoreFromOces"/>
  <testcase time="0.223" classname="org.openoces.opensign.certificate.support.suncrypto.SunCryptoSupportTest" name="httpsPost"/>
</testsuite>